[0.886s] DEBUG:colcon:Command line arguments: ['/usr/bin/colcon', 'list', '-p', '--base-paths', '/home/joe/ros2_ws/robert']
[0.886s] DEBUG:colcon:Parsed command line arguments: Namespace(log_base=None, log_level=None, verb_name='list', build_base='build', ignore_user_meta=False, metas=['./colcon.meta'], base_paths=['/home/joe/ros2_ws/robert'], packages_ignore=None, packages_ignore_regex=None, paths=None, packages_up_to=None, packages_up_to_regex=None, packages_above=None, packages_above_and_dependencies=None, packages_above_depth=None, packages_select_by_dep=None, packages_skip_by_dep=None, packages_skip_up_to=None, packages_select_build_failed=False, packages_skip_build_finished=False, packages_select_test_failures=False, packages_skip_test_passed=False, packages_select=None, packages_skip=None, packages_select_regex=None, packages_skip_regex=None, packages_start=None, packages_end=None, allow_overriding=[], topological_order=False, names_only=False, paths_only=True, topological_graph=False, topological_graph_dot=False, topological_graph_density=False, topological_graph_legend=False, topological_graph_dot_cluster=False, topological_graph_dot_include_skipped=False, verb_parser=<colcon_defaults.argument_parser.defaults.DefaultArgumentsDecorator object at 0x7f3522c6b400>, verb_extension=<colcon_package_information.verb.list.ListVerb object at 0x7f3522c13220>, main=<bound method ListVerb.main of <colcon_package_information.verb.list.ListVerb object at 0x7f3522c13220>>)
[0.929s] Level 1:colcon.colcon_core.package_discovery:discover_packages(colcon_meta) check parameters
[0.929s] Level 1:colcon.colcon_core.package_discovery:discover_packages(recursive) check parameters
[0.929s] Level 1:colcon.colcon_core.package_discovery:discover_packages(ignore) check parameters
[0.929s] Level 1:colcon.colcon_core.package_discovery:discover_packages(path) check parameters
[0.929s] Level 1:colcon.colcon_core.package_discovery:discover_packages(recursive) discover
[0.929s] INFO:colcon.colcon_core.package_discovery:Crawling recursively for packages in '/home/joe/ros2_ws/robert'
[0.929s] Level 1:colcon.colcon_core.package_identification:_identify(/home/joe/ros2_ws/robert) by extensions ['ignore', 'ignore_ament_install']
[0.929s] Level 1:colcon.colcon_core.package_identification:_identify(/home/joe/ros2_ws/robert) by extension 'ignore'
[0.929s] Level 1:colcon.colcon_core.package_identification:_identify(/home/joe/ros2_ws/robert) by extension 'ignore_ament_install'
[0.930s] Level 1:colcon.colcon_core.package_identification:_identify(/home/joe/ros2_ws/robert) by extensions ['colcon_pkg']
[0.930s] Level 1:colcon.colcon_core.package_identification:_identify(/home/joe/ros2_ws/robert) by extension 'colcon_pkg'
[0.930s] Level 1:colcon.colcon_core.package_identification:_identify(/home/joe/ros2_ws/robert) by extensions ['colcon_meta']
[0.930s] Level 1:colcon.colcon_core.package_identification:_identify(/home/joe/ros2_ws/robert) by extension 'colcon_meta'
[0.930s] Level 1:colcon.colcon_core.package_identification:_identify(/home/joe/ros2_ws/robert) by extensions ['ros']
[0.930s] Level 1:colcon.colcon_core.package_identification:_identify(/home/joe/ros2_ws/robert) by extension 'ros'
[0.938s] Level 1:colcon.colcon_core.package_identification:_identify(/home/joe/ros2_ws/robert) by extensions ['cmake', 'python']
[0.938s] Level 1:colcon.colcon_core.package_identification:_identify(/home/joe/ros2_ws/robert) by extension 'cmake'
[0.938s] Level 1:colcon.colcon_core.package_identification:_identify(/home/joe/ros2_ws/robert) by extension 'python'
[0.938s] Level 1:colcon.colcon_core.package_identification:_identify(/home/joe/ros2_ws/robert) by extensions ['python_setup_py']
[0.938s] Level 1:colcon.colcon_core.package_identification:_identify(/home/joe/ros2_ws/robert) by extension 'python_setup_py'
[0.938s] Level 1:colcon.colcon_core.package_identification:_identify(/home/joe/ros2_ws/robert/log) by extensions ['ignore', 'ignore_ament_install']
[0.938s] Level 1:colcon.colcon_core.package_identification:_identify(/home/joe/ros2_ws/robert/log) by extension 'ignore'
[0.938s] Level 1:colcon.colcon_core.package_identification:_identify(/home/joe/ros2_ws/robert/log) ignored
[0.938s] Level 1:colcon.colcon_core.package_identification:_identify(/home/joe/ros2_ws/robert/src) by extensions ['ignore', 'ignore_ament_install']
[0.938s] Level 1:colcon.colcon_core.package_identification:_identify(/home/joe/ros2_ws/robert/src) by extension 'ignore'
[0.938s] Level 1:colcon.colcon_core.package_identification:_identify(/home/joe/ros2_ws/robert/src) by extension 'ignore_ament_install'
[0.938s] Level 1:colcon.colcon_core.package_identification:_identify(/home/joe/ros2_ws/robert/src) by extensions ['colcon_pkg']
[0.938s] Level 1:colcon.colcon_core.package_identification:_identify(/home/joe/ros2_ws/robert/src) by extension 'colcon_pkg'
[0.938s] Level 1:colcon.colcon_core.package_identification:_identify(/home/joe/ros2_ws/robert/src) by extensions ['colcon_meta']
[0.938s] Level 1:colcon.colcon_core.package_identification:_identify(/home/joe/ros2_ws/robert/src) by extension 'colcon_meta'
[0.938s] Level 1:colcon.colcon_core.package_identification:_identify(/home/joe/ros2_ws/robert/src) by extensions ['ros']
[0.938s] Level 1:colcon.colcon_core.package_identification:_identify(/home/joe/ros2_ws/robert/src) by extension 'ros'
[0.938s] Level 1:colcon.colcon_core.package_identification:_identify(/home/joe/ros2_ws/robert/src) by extensions ['cmake', 'python']
[0.938s] Level 1:colcon.colcon_core.package_identification:_identify(/home/joe/ros2_ws/robert/src) by extension 'cmake'
[0.939s] Level 1:colcon.colcon_core.package_identification:_identify(/home/joe/ros2_ws/robert/src) by extension 'python'
[0.939s] Level 1:colcon.colcon_core.package_identification:_identify(/home/joe/ros2_ws/robert/src) by extensions ['python_setup_py']
[0.939s] Level 1:colcon.colcon_core.package_identification:_identify(/home/joe/ros2_ws/robert/src) by extension 'python_setup_py'
[0.939s] Level 1:colcon.colcon_core.package_identification:_identify(/home/joe/ros2_ws/robert/src/robert_bringup) by extensions ['ignore', 'ignore_ament_install']
[0.939s] Level 1:colcon.colcon_core.package_identification:_identify(/home/joe/ros2_ws/robert/src/robert_bringup) by extension 'ignore'
[0.939s] Level 1:colcon.colcon_core.package_identification:_identify(/home/joe/ros2_ws/robert/src/robert_bringup) by extension 'ignore_ament_install'
[0.939s] Level 1:colcon.colcon_core.package_identification:_identify(/home/joe/ros2_ws/robert/src/robert_bringup) by extensions ['colcon_pkg']
[0.939s] Level 1:colcon.colcon_core.package_identification:_identify(/home/joe/ros2_ws/robert/src/robert_bringup) by extension 'colcon_pkg'
[0.939s] Level 1:colcon.colcon_core.package_identification:_identify(/home/joe/ros2_ws/robert/src/robert_bringup) by extensions ['colcon_meta']
[0.939s] Level 1:colcon.colcon_core.package_identification:_identify(/home/joe/ros2_ws/robert/src/robert_bringup) by extension 'colcon_meta'
[0.939s] Level 1:colcon.colcon_core.package_identification:_identify(/home/joe/ros2_ws/robert/src/robert_bringup) by extensions ['ros']
[0.939s] Level 1:colcon.colcon_core.package_identification:_identify(/home/joe/ros2_ws/robert/src/robert_bringup) by extension 'ros'
[0.941s] DEBUG:colcon.colcon_core.package_identification:Package '/home/joe/ros2_ws/robert/src/robert_bringup' with type 'ros.ament_cmake' and name 'robert_bringup'
[0.941s] Level 1:colcon.colcon_core.package_identification:_identify(/home/joe/ros2_ws/robert/src/robert_controller) by extensions ['ignore', 'ignore_ament_install']
[0.941s] Level 1:colcon.colcon_core.package_identification:_identify(/home/joe/ros2_ws/robert/src/robert_controller) by extension 'ignore'
[0.941s] Level 1:colcon.colcon_core.package_identification:_identify(/home/joe/ros2_ws/robert/src/robert_controller) by extension 'ignore_ament_install'
[0.941s] Level 1:colcon.colcon_core.package_identification:_identify(/home/joe/ros2_ws/robert/src/robert_controller) by extensions ['colcon_pkg']
[0.941s] Level 1:colcon.colcon_core.package_identification:_identify(/home/joe/ros2_ws/robert/src/robert_controller) by extension 'colcon_pkg'
[0.941s] Level 1:colcon.colcon_core.package_identification:_identify(/home/joe/ros2_ws/robert/src/robert_controller) by extensions ['colcon_meta']
[0.941s] Level 1:colcon.colcon_core.package_identification:_identify(/home/joe/ros2_ws/robert/src/robert_controller) by extension 'colcon_meta'
[0.941s] Level 1:colcon.colcon_core.package_identification:_identify(/home/joe/ros2_ws/robert/src/robert_controller) by extensions ['ros']
[0.941s] Level 1:colcon.colcon_core.package_identification:_identify(/home/joe/ros2_ws/robert/src/robert_controller) by extension 'ros'
[0.942s] DEBUG:colcon.colcon_core.package_identification:Package '/home/joe/ros2_ws/robert/src/robert_controller' with type 'ros.ament_cmake' and name 'robert_controller'
[0.942s] Level 1:colcon.colcon_core.package_identification:_identify(/home/joe/ros2_ws/robert/src/robert_description) by extensions ['ignore', 'ignore_ament_install']
[0.942s] Level 1:colcon.colcon_core.package_identification:_identify(/home/joe/ros2_ws/robert/src/robert_description) by extension 'ignore'
[0.942s] Level 1:colcon.colcon_core.package_identification:_identify(/home/joe/ros2_ws/robert/src/robert_description) by extension 'ignore_ament_install'
[0.942s] Level 1:colcon.colcon_core.package_identification:_identify(/home/joe/ros2_ws/robert/src/robert_description) by extensions ['colcon_pkg']
[0.942s] Level 1:colcon.colcon_core.package_identification:_identify(/home/joe/ros2_ws/robert/src/robert_description) by extension 'colcon_pkg'
[0.942s] Level 1:colcon.colcon_core.package_identification:_identify(/home/joe/ros2_ws/robert/src/robert_description) by extensions ['colcon_meta']
[0.942s] Level 1:colcon.colcon_core.package_identification:_identify(/home/joe/ros2_ws/robert/src/robert_description) by extension 'colcon_meta'
[0.942s] Level 1:colcon.colcon_core.package_identification:_identify(/home/joe/ros2_ws/robert/src/robert_description) by extensions ['ros']
[0.942s] Level 1:colcon.colcon_core.package_identification:_identify(/home/joe/ros2_ws/robert/src/robert_description) by extension 'ros'
[0.943s] DEBUG:colcon.colcon_core.package_identification:Package '/home/joe/ros2_ws/robert/src/robert_description' with type 'ros.ament_cmake' and name 'robert_description'
[0.943s] Level 1:colcon.colcon_core.package_identification:_identify(/home/joe/ros2_ws/robert/src/robert_firmware) by extensions ['ignore', 'ignore_ament_install']
[0.943s] Level 1:colcon.colcon_core.package_identification:_identify(/home/joe/ros2_ws/robert/src/robert_firmware) by extension 'ignore'
[0.943s] Level 1:colcon.colcon_core.package_identification:_identify(/home/joe/ros2_ws/robert/src/robert_firmware) by extension 'ignore_ament_install'
[0.943s] Level 1:colcon.colcon_core.package_identification:_identify(/home/joe/ros2_ws/robert/src/robert_firmware) by extensions ['colcon_pkg']
[0.943s] Level 1:colcon.colcon_core.package_identification:_identify(/home/joe/ros2_ws/robert/src/robert_firmware) by extension 'colcon_pkg'
[0.943s] Level 1:colcon.colcon_core.package_identification:_identify(/home/joe/ros2_ws/robert/src/robert_firmware) by extensions ['colcon_meta']
[0.943s] Level 1:colcon.colcon_core.package_identification:_identify(/home/joe/ros2_ws/robert/src/robert_firmware) by extension 'colcon_meta'
[0.943s] Level 1:colcon.colcon_core.package_identification:_identify(/home/joe/ros2_ws/robert/src/robert_firmware) by extensions ['ros']
[0.943s] Level 1:colcon.colcon_core.package_identification:_identify(/home/joe/ros2_ws/robert/src/robert_firmware) by extension 'ros'
[0.944s] DEBUG:colcon.colcon_core.package_identification:Package '/home/joe/ros2_ws/robert/src/robert_firmware' with type 'ros.ament_cmake' and name 'robert_firmware'
[0.944s] Level 1:colcon.colcon_core.package_identification:_identify(/home/joe/ros2_ws/robert/src/robert_localization) by extensions ['ignore', 'ignore_ament_install']
[0.944s] Level 1:colcon.colcon_core.package_identification:_identify(/home/joe/ros2_ws/robert/src/robert_localization) by extension 'ignore'
[0.944s] Level 1:colcon.colcon_core.package_identification:_identify(/home/joe/ros2_ws/robert/src/robert_localization) by extension 'ignore_ament_install'
[0.944s] Level 1:colcon.colcon_core.package_identification:_identify(/home/joe/ros2_ws/robert/src/robert_localization) by extensions ['colcon_pkg']
[0.944s] Level 1:colcon.colcon_core.package_identification:_identify(/home/joe/ros2_ws/robert/src/robert_localization) by extension 'colcon_pkg'
[0.944s] Level 1:colcon.colcon_core.package_identification:_identify(/home/joe/ros2_ws/robert/src/robert_localization) by extensions ['colcon_meta']
[0.944s] Level 1:colcon.colcon_core.package_identification:_identify(/home/joe/ros2_ws/robert/src/robert_localization) by extension 'colcon_meta'
[0.944s] Level 1:colcon.colcon_core.package_identification:_identify(/home/joe/ros2_ws/robert/src/robert_localization) by extensions ['ros']
[0.944s] Level 1:colcon.colcon_core.package_identification:_identify(/home/joe/ros2_ws/robert/src/robert_localization) by extension 'ros'
[0.945s] DEBUG:colcon.colcon_core.package_identification:Package '/home/joe/ros2_ws/robert/src/robert_localization' with type 'ros.ament_cmake' and name 'robert_localization'
[0.945s] Level 1:colcon.colcon_core.package_identification:_identify(/home/joe/ros2_ws/robert/src/robert_msgs) by extensions ['ignore', 'ignore_ament_install']
[0.945s] Level 1:colcon.colcon_core.package_identification:_identify(/home/joe/ros2_ws/robert/src/robert_msgs) by extension 'ignore'
[0.945s] Level 1:colcon.colcon_core.package_identification:_identify(/home/joe/ros2_ws/robert/src/robert_msgs) by extension 'ignore_ament_install'
[0.945s] Level 1:colcon.colcon_core.package_identification:_identify(/home/joe/ros2_ws/robert/src/robert_msgs) by extensions ['colcon_pkg']
[0.945s] Level 1:colcon.colcon_core.package_identification:_identify(/home/joe/ros2_ws/robert/src/robert_msgs) by extension 'colcon_pkg'
[0.945s] Level 1:colcon.colcon_core.package_identification:_identify(/home/joe/ros2_ws/robert/src/robert_msgs) by extensions ['colcon_meta']
[0.945s] Level 1:colcon.colcon_core.package_identification:_identify(/home/joe/ros2_ws/robert/src/robert_msgs) by extension 'colcon_meta'
[0.945s] Level 1:colcon.colcon_core.package_identification:_identify(/home/joe/ros2_ws/robert/src/robert_msgs) by extensions ['ros']
[0.945s] Level 1:colcon.colcon_core.package_identification:_identify(/home/joe/ros2_ws/robert/src/robert_msgs) by extension 'ros'
[0.945s] DEBUG:colcon.colcon_core.package_identification:Package '/home/joe/ros2_ws/robert/src/robert_msgs' with type 'ros.ament_cmake' and name 'robert_msgs'
[0.945s] Level 1:colcon.colcon_core.package_discovery:discover_packages(recursive) using defaults
